0 info it worked if it ends with ok
1 verbose cli [ '/Users/kinvey/.nvm/v0.10.38/bin/node',
1 verbose cli   '/Users/kinvey/.nvm/v0.10.38/bin/npm',
1 verbose cli   'test',
1 verbose cli   '--host',
1 verbose cli   'foo' ]
2 info using npm@1.4.28
3 info using node@v0.10.38
4 error Error: ENOENT, open '/Users/kinvey/Projects/dlc-cli/node_modules/foo/package.json'
5 error If you need help, you may report this *entire* log,
5 error including the npm and node versions, at:
5 error     <http://github.com/npm/npm/issues>
6 error System Darwin 14.3.0
7 error command "/Users/kinvey/.nvm/v0.10.38/bin/node" "/Users/kinvey/.nvm/v0.10.38/bin/npm" "test" "--host" "foo"
8 error cwd /Users/kinvey/Projects/dlc-cli
9 error node -v v0.10.38
10 error npm -v 1.4.28
11 error path /Users/kinvey/Projects/dlc-cli/node_modules/foo/package.json
12 error code ENOENT
13 error errno 34
14 verbose exit [ 34, true ]
